[    0.000000] Initializing cgroup subsys cpuset
[    0.000000] Initializing cgroup subsys cpu
[    0.000000] Initializing cgroup subsys cpuacct
[    0.000000] Linux version 4.4.0-148-generic (buildd@lgw01-amd64-031) (gcc version 5.4.0 20160609 (Ubuntu 5.4.0-6ubuntu1~16.04.10) ) #174-Ubuntu SMP Tue May 7 12:20:14 UTC 2019 (Ubuntu 4.4.0-148.174-generic 4.4.177)
[    0.000000] Command line: BOOT_IMAGE=/boot/vmlinuz-4.4.0-148-generic root=LABEL=cloudimg-rootfs ro console=tty1 console=ttyS0
[    0.000000] KERNEL supported cpus:
[    0.000000]   Intel GenuineIntel
[    0.000000]   AMD AuthenticAMD
[    0.000000]   Centaur CentaurHauls
[    0.000000] x86/fpu: xstate_offset[2]:  576, xstate_sizes[2]:  256
[    0.000000] x86/fpu: Supporting XSAVE feature 0x01: 'x87 floating point registers'
[    0.000000] x86/fpu: Supporting XSAVE feature 0x02: 'SSE registers'
[    0.000000] x86/fpu: Supporting XSAVE feature 0x04: 'AVX registers'
[    0.000000] x86/fpu: Enabled xstate features 0x7, context size is 832 bytes, using 'standard' format.
[    0.000000] e820: BIOS-provided physical RAM map:
[    0.000000] BIOS-e820: [mem 0x0000000000000000-0x000000000009fbff] usable
[    0.000000] BIOS-e820: [mem 0x000000000009fc00-0x000000000009ffff] reserved
[    0.000000] BIOS-e820: [mem 0x00000000000f0000-0x00000000000fffff] reserved
[    0.000000] BIOS-e820: [mem 0x0000000000100000-0x00000000dffeffff] usable
[    0.000000] BIOS-e820: [mem 0x00000000dfff0000-0x00000000dfffffff] ACPI data
[    0.000000] BIOS-e820: [mem 0x00000000fec00000-0x00000000fec00fff] reserved
[    0.000000] BIOS-e820: [mem 0x00000000fee00000-0x00000000fee00fff] reserved
[    0.000000] BIOS-e820: [mem 0x00000000fffc0000-0x00000000ffffffff] reserved
[    0.000000] BIOS-e820: [mem 0x0000000100000000-0x000000011fffffff] usable
[    0.000000] NX (Execute Disable) protection: active
[    0.000000] SMBIOS 2.5 present.
[    0.000000] Hypervisor detected: KVM
[    0.000000] e820: last_pfn = 0x120000 max_arch_pfn = 0x400000000
[    0.000000] MTRR: Disabled
[    0.000000] x86/PAT: MTRRs disabled, skipping PAT initialization too.
[    0.000000] CPU MTRRs all blank - virtualized system.
[    0.000000] x86/PAT: Configuration [0-7]: WB  WT  UC- UC  WB  WT  UC- UC  
[    0.000000] e820: last_pfn = 0xdfff0 max_arch_pfn = 0x400000000
[    0.000000] found SMP MP-table at [mem 0x0009fff0-0x0009ffff] mapped at [ffff88000009fff0]
[    0.000000] Scanning 1 areas for low memory corruption
[    0.000000] RAMDISK: [mem 0x362fc000-0x37175fff]
[    0.000000] ACPI: Early table checksum verification disabled
[    0.000000] ACPI: RSDP 0x00000000000E0000 000024 (v02 VBOX  )
[    0.000000] ACPI: XSDT 0x00000000DFFF0030 00003C (v01 VBOX   VBOXXSDT 00000001 ASL  00000061)
[    0.000000] ACPI: FACP 0x00000000DFFF00F0 0000F4 (v04 VBOX   VBOXFACP 00000001 ASL  00000061)
[    0.000000] ACPI: DSDT 0x00000000DFFF0470 0022EA (v02 VBOX   VBOXBIOS 00000002 INTL 20100528)
[    0.000000] ACPI: FACS 0x00000000DFFF0200 000040
[    0.000000] ACPI: FACS 0x00000000DFFF0200 000040
[    0.000000] ACPI: APIC 0x00000000DFFF0240 00005C (v02 VBOX   VBOXAPIC 00000001 ASL  00000061)
[    0.000000] ACPI: SSDT 0x00000000DFFF02A0 0001CC (v01 VBOX   VBOXCPUT 00000002 INTL 20100528)
[    0.000000] No NUMA configuration found
[    0.000000] Faking a node at [mem 0x0000000000000000-0x000000011fffffff]
[    0.000000] NODE_DATA(0) allocated [mem 0x11fff7000-0x11fffbfff]
[    0.000000] kvm-clock: Using msrs 4b564d01 and 4b564d00
[    0.000000] kvm-clock: cpu 0, msr 1:1ffef001, primary cpu clock
[    0.000000] kvm-clock: using sched offset of 3238597753 cycles
[    0.000000] clocksource: kvm-clock: mask: 0xffffffffffffffff max_cycles: 0x1cd42e4dffb, max_idle_ns: 881590591483 ns
[    0.000000] Zone ranges:
[    0.000000]   DMA      [mem 0x0000000000001000-0x0000000000ffffff]
[    0.000000]   DMA32    [mem 0x0000000001000000-0x00000000ffffffff]
[    0.000000]   Normal   [mem 0x0000000100000000-0x000000011fffffff]
[    0.000000]   Device   empty
[    0.000000] Movable zone start for each node
[    0.000000] Early memory node ranges
[    0.000000]   node   0: [mem 0x0000000000001000-0x000000000009efff]
[    0.000000]   node   0: [mem 0x0000000000100000-0x00000000dffeffff]
[    0.000000]   node   0: [mem 0x0000000100000000-0x000000011fffffff]
[    0.000000] Initmem setup node 0 [mem 0x0000000000001000-0x000000011fffffff]
[    0.000000] ACPI: PM-Timer IO Port: 0x4008
[    0.000000] IOAPIC[0]: apic_id 2, version 32, address 0xfec00000, GSI 0-23
[    0.000000] ACPI: INT_SRC_OVR (bus 0 bus_irq 0 global_irq 2 dfl dfl)
[    0.000000] ACPI: INT_SRC_OVR (bus 0 bus_irq 9 global_irq 9 low level)
[    0.000000] Using ACPI (MADT) for SMP configuration information
[    0.000000] smpboot: Allowing 2 CPUs, 0 hotplug CPUs
[    0.000000] PM: Registered nosave memory: [mem 0x00000000-0x00000fff]
[    0.000000] PM: Registered nosave memory: [mem 0x0009f000-0x0009ffff]
[    0.000000] PM: Registered nosave memory: [mem 0x000a0000-0x000effff]
[    0.000000] PM: Registered nosave memory: [mem 0x000f0000-0x000fffff]
[    0.000000] PM: Registered nosave memory: [mem 0xdfff0000-0xdfffffff]
[    0.000000] PM: Registered nosave memory: [mem 0xe0000000-0xfebfffff]
[    0.000000] PM: Registered nosave memory: [mem 0xfec00000-0xfec00fff]
[    0.000000] PM: Registered nosave memory: [mem 0xfec01000-0xfedfffff]
[    0.000000] PM: Registered nosave memory: [mem 0xfee00000-0xfee00fff]
[    0.000000] PM: Registered nosave memory: [mem 0xfee01000-0xfffbffff]
[    0.000000] PM: Registered nosave memory: [mem 0xfffc0000-0xffffffff]
[    0.000000] e820: [mem 0xe0000000-0xfebfffff] available for PCI devices
[    0.000000] Booting paravirtualized kernel on KVM
[    0.000000] clocksource: refined-jiffies: mask: 0xffffffff max_cycles: 0xffffffff, max_idle_ns: 7645519600211568 ns
[    0.000000] setup_percpu: NR_CPUS:512 nr_cpumask_bits:512 nr_cpu_ids:2 nr_node_ids:1
[    0.000000] PERCPU: Embedded 34 pages/cpu @ffff88011fc00000 s99480 r8192 d31592 u1048576
[    0.000000] Built 1 zonelists in Node order, mobility grouping on.  Total pages: 1032056
[    0.000000] Policy zone: Normal
[    0.000000] Kernel command line: BOOT_IMAGE=/boot/vmlinuz-4.4.0-148-generic root=LABEL=cloudimg-rootfs ro console=tty1 console=ttyS0
[    0.000000] PID hash table entries: 4096 (order: 3, 32768 bytes)
[    0.000000] Memory: 4028248K/4193848K available (8609K kernel code, 1334K rwdata, 4028K rodata, 1484K init, 1284K bss, 165600K reserved, 0K cma-reserved)
[    0.000000] SLUB: HWalign=64, Order=0-3, MinObjects=0, CPUs=2, Nodes=1
[    0.000000] Kernel/User page tables isolation: enabled
[    0.000000] Hierarchical RCU implementation.
[    0.000000] 	Build-time adjustment of leaf fanout to 64.
[    0.000000] 	RCU restricting CPUs from NR_CPUS=512 to nr_cpu_ids=2.
[    0.000000] RCU: Adjusting geometry for rcu_fanout_leaf=64, nr_cpu_ids=2
[    0.000000] NR_IRQS:33024 nr_irqs:440 16
[    0.000000] Console: colour VGA+ 80x25
[    0.000000] console [tty1] enabled
[    0.000000] console [ttyS0] enabled
[    0.000000] tsc: Detected 1896.001 MHz processor
[    0.333348] Calibrating delay loop (skipped) preset value.. 3792.00 BogoMIPS (lpj=7584004)
[    0.334891] pid_max: default: 32768 minimum: 301
[    0.335728] ACPI: Core revision 20150930
[    0.337210] ACPI: 2 ACPI AML tables successfully acquired and loaded
[    0.338474] Security Framework initialized
[    0.339223] Yama: becoming mindful.
[    0.339906] AppArmor: AppArmor initialized
[    0.348288] Dentry cache hash table entries: 524288 (order: 10, 4194304 bytes)
[    0.364553] Inode-cache hash table entries: 262144 (order: 9, 2097152 bytes)
[    0.365896] Mount-cache hash table entries: 8192 (order: 4, 65536 bytes)
[    0.366938] Mountpoint-cache hash table entries: 8192 (order: 4, 65536 bytes)
[    0.374809] Initializing cgroup subsys io
[    0.375512] Initializing cgroup subsys memory
[    0.376223] Initializing cgroup subsys devices
[    0.376946] Initializing cgroup subsys freezer
[    0.377650] Initializing cgroup subsys net_cls
[    0.378352] Initializing cgroup subsys perf_event
[    0.379087] Initializing cgroup subsys net_prio
[    0.379806] Initializing cgroup subsys hugetlb
[    0.380514] Initializing cgroup subsys pids
[    0.382330] mce: CPU supports 0 MCE banks
[    0.383013] Last level iTLB entries: 4KB 64, 2MB 8, 4MB 8
[    0.383834] Last level dTLB entries: 4KB 64, 2MB 0, 4MB 0, 1GB 4
[    0.384760] Spectre V2 : Mitigation: Full generic retpoline
[    0.385594] Spectre V2 : Spectre v2 / SpectreRSB mitigation: Filling RSB on context switch
[    0.386942] Speculative Store Bypass: Vulnerable
[    0.387737] MDS: Vulnerable: Clear CPU buffers attempted, no microcode
[    0.391294] Freeing SMP alternatives memory: 36K
[    0.407079] ftrace: allocating 32293 entries in 127 pages
[    0.462100] smpboot: APIC(0) Converting physical 0 to logical package 0
[    0.463418] smpboot: Max logical packages: 1
[    0.464488] x2apic enabled
[    0.465257] Switched APIC routing to physical x2apic.
[    0.467010] ..TIMER: vector=0x30 apic1=0 pin1=2 apic2=-1 pin2=-1
[    0.573088] smpboot: CPU0: Intel(R) Core(TM) i5-8350U CPU @ 1.70GHz (family: 0x6, model: 0x8e, stepping: 0xa)
[    0.575153] Performance Events: unsupported p6 CPU model 142 no PMU driver, software events only.
[    0.584439] KVM setup paravirtual spinlock
[    0.585864] x86: Booting SMP configuration:
[    0.586652] .... node  #0, CPUs:      #1
[    0.587581] kvm-clock: cpu 1, msr 1:1ffef041, secondary cpu clock
[    0.590049] mce: CPU supports 0 MCE banks
[    0.592729] x86: Booted up 1 node, 2 CPUs
[    0.593612] smpboot: Total of 2 processors activated (7584.00 BogoMIPS)
[    0.595032] devtmpfs: initialized
[    0.597371] evm: security.selinux
[    0.597962] evm: security.SMACK64
[    0.598552] evm: security.SMACK64EXEC
[    0.599187] evm: security.SMACK64TRANSMUTE
[    0.599949] evm: security.SMACK64MMAP
[    0.600654] evm: security.ima
[    0.601356] evm: security.capability
[    0.602229] clocksource: jiffies: mask: 0xffffffff max_cycles: 0xffffffff, max_idle_ns: 7645041785100000 ns
[    0.604137] futex hash table entries: 512 (order: 3, 32768 bytes)
[    0.605423] pinctrl core: initialized pinctrl subsystem
[    0.606303] RTC time: 11:21:02, date: 11/02/19
[    0.607208] NET: Registered protocol family 16
[    0.618357] cpuidle: using governor ladder
[    0.630012] cpuidle: using governor menu
[    0.630715] PCCT header not found.
[    0.631372] ACPI: bus type PCI registered
[    0.632043] acpiphp: ACPI Hot Plug PCI Controller Driver version: 0.5
[    0.633095] PCI: Using configuration type 1 for base access
[    0.654485] ACPI: Added _OSI(Module Device)
[    0.655423] ACPI: Added _OSI(Processor Device)
[    0.656134] ACPI: Added _OSI(3.0 _SCP Extensions)
[    0.656882] ACPI: Added _OSI(Processor Aggregator Device)
[    0.658300] ACPI: Executed 1 blocks of module-level executable AML code
[    0.660980] ACPI: Interpreter enabled
[    0.661604] ACPI: (supports S0 S5)
[    0.662192] ACPI: Using IOAPIC for interrupt routing
[    0.663079] PCI: Using host bridge windows from ACPI; if necessary, use "pci=nocrs" and report a bug
[    0.668114] ACPI: PCI Root Bridge [PCI0] (domain 0000 [bus 00-ff])
[    0.669204] acpi PNP0A03:00: _OSC: OS supports [ASPM ClockPM Segments MSI]
[    0.670433] acpi PNP0A03:00: _OSC: not requesting OS control; OS requires [ExtendedConfig ASPM ClockPM MSI]
[    0.671921] acpi PNP0A03:00: fail to add MMCONFIG information, can't access extended PCI configuration space under this bridge.
[    0.673846] PCI host bridge to bus 0000:00
[    0.674521] pci_bus 0000:00: root bus resource [io  0x0000-0x0cf7 window]
[    0.675569] pci_bus 0000:00: root bus resource [io  0x0d00-0xffff window]
[    0.684664] pci_bus 0000:00: root bus resource [mem 0x000a0000-0x000bffff window]
[    0.686126] pci_bus 0000:00: root bus resource [mem 0xe0000000-0xfdffffff window]
[    0.687488] pci_bus 0000:00: root bus resource [bus 00-ff]
[    0.689902] pci 0000:00:01.1: legacy IDE quirk: reg 0x10: [io  0x01f0-0x01f7]
[    0.691053] pci 0000:00:01.1: legacy IDE quirk: reg 0x14: [io  0x03f6]
[    0.692135] pci 0000:00:01.1: legacy IDE quirk: reg 0x18: [io  0x0170-0x0177]
[    0.693456] pci 0000:00:01.1: legacy IDE quirk: reg 0x1c: [io  0x0376]
[    0.741697] pci 0000:00:07.0: quirk: [io  0x4000-0x403f] claimed by PIIX4 ACPI
[    0.743067] pci 0000:00:07.0: quirk: [io  0x4100-0x410f] claimed by PIIX4 SMB
[    0.760192] ACPI: PCI Interrupt Link [LNKA] (IRQs 5 9 10 *11)
[    0.761918] ACPI: PCI Interrupt Link [LNKB] (IRQs 5 9 *10 11)
[    0.763396] ACPI: PCI Interrupt Link [LNKC] (IRQs 5 *9 10 11)
[    0.765025] ACPI: PCI Interrupt Link [LNKD] (IRQs 5 9 10 *11)
[    0.766588] ACPI: Enabled 2 GPEs in block 00 to 07
[    0.767770] vgaarb: setting as boot device: PCI:0000:00:02.0
[    0.768771] vgaarb: device added: PCI:0000:00:02.0,decodes=io+mem,owns=io+mem,locks=none
[    0.770518] vgaarb: loaded
[    0.771037] vgaarb: bridge control possible 0000:00:02.0
[    0.772049] SCSI subsystem initialized
[    0.772851] ACPI: bus type USB registered
[    0.773562] usbcore: registered new interface driver usbfs
[    0.774448] usbcore: registered new interface driver hub
[    0.775274] usbcore: registered new device driver usb
[    0.776376] PCI: Using ACPI for IRQ routing
[    0.777319] NetLabel: Initializing
[    0.777918] NetLabel:  domain hash size = 128
[    0.778621] NetLabel:  protocols = UNLABELED CIPSOv4
[    0.779439] NetLabel:  unlabeled traffic allowed by default
[    0.780459] amd_nb: Cannot enumerate AMD northbridges
[    0.789917] clocksource: Switched to clocksource kvm-clock
[    0.807947] AppArmor: AppArmor Filesystem Enabled
[    0.808787] pnp: PnP ACPI init
[    0.810065] pnp: PnP ACPI: found 3 devices
[    0.820073] clocksource: acpi_pm: mask: 0xffffff max_cycles: 0xffffff, max_idle_ns: 2085701024 ns
[    0.821508] NET: Registered protocol family 2
[    0.822376] TCP established hash table entries: 32768 (order: 6, 262144 bytes)
[    0.823699] TCP bind hash table entries: 32768 (order: 7, 524288 bytes)
[    0.833935] TCP: Hash tables configured (established 32768 bind 32768)
[    0.834947] UDP hash table entries: 2048 (order: 4, 65536 bytes)
[    0.835841] UDP-Lite hash table entries: 2048 (order: 4, 65536 bytes)
[    0.836827] NET: Registered protocol family 1
[    0.837547] pci 0000:00:00.0: Limiting direct PCI/PCI transfers
[    0.838485] pci 0000:00:01.0: Activating ISA DMA hang workarounds
[    0.839489] Unpacking initramfs...
[    1.163989] Freeing initrd memory: 14824K
[    1.164890] PCI-DMA: Using software bounce buffering for IO (SWIOTLB)
[    1.166142] software IO TLB: mapped [mem 0xdbff0000-0xdfff0000] (64MB)
[    1.167280] clocksource: tsc: mask: 0xffffffffffffffff max_cycles: 0x36a8d4a2582, max_idle_ns: 881590642256 ns
[    1.169042] platform rtc_cmos: registered platform RTC device (no PNP device found)
[    1.170728] Scanning for low memory corruption every 60 seconds
[    1.172035] audit: initializing netlink subsys (disabled)
[    1.172943] audit: type=2000 audit(1572693668.186:1): initialized
[    1.174258] Initialise system trusted keyring
[    1.175374] HugeTLB registered 2 MB page size, pre-allocated 0 pages
[    1.177444] zbud: loaded
[    1.178536] VFS: Disk quotas dquot_6.6.0
[    1.179280] VFS: Dquot-cache hash table entries: 512 (order 0, 4096 bytes)
[    1.180569] squashfs: version 4.0 (2009/01/31) Phillip Lougher
[    1.181961] fuse init (API version 7.23)
[    1.183019] Key type big_key registered
[    1.183982] Allocating IMA MOK and blacklist keyrings.
[    1.186023] Key type asymmetric registered
[    1.186707] Asymmetric key parser 'x509' registered
[    1.187539] Block layer SCSI generic (bsg) driver version 0.4 loaded (major 249)
[    1.188823] io scheduler noop registered
[    1.189486] io scheduler deadline registered (default)
[    1.190328] io scheduler cfq registered
[    1.191047] pci_hotplug: PCI Hot Plug PCI Core version: 0.5
[    1.191913] pciehp: PCI Express Hot Plug Controller Driver version: 0.4
[    1.192976] ACPI: AC Adapter [AC] (on-line)
[    1.193705] input: Power Button as /devices/LNXSYSTM:00/LNXPWRBN:00/input/input0
[    1.195015] ACPI: Power Button [PWRF]
[    1.195903] input: Sleep Button as /devices/LNXSYSTM:00/LNXSLPBN:00/input/input1
[    1.197554] ACPI: Sleep Button [SLPF]
[    1.198430] GHES: HEST is not enabled!
[    1.206791] Serial: 8250/16550 driver, 32 ports, IRQ sharing enabled
[    1.206930] ACPI: Battery Slot [BAT0] (battery present)
[    1.229092] 00:02: ttyS0 at I/O 0x3f8 (irq = 4, base_baud = 115200) is a 16550A
[    1.234407] Linux agpgart interface v0.103
[    1.236645] loop: module loaded
[    1.237667] scsi host0: ata_piix
[    1.238380] scsi host1: ata_piix
[    1.239152] ata1: PATA max UDMA/33 cmd 0x1f0 ctl 0x3f6 bmdma 0xd000 irq 14
[    1.240277] ata2: PATA max UDMA/33 cmd 0x170 ctl 0x376 bmdma 0xd008 irq 15
[    1.241471] libphy: Fixed MDIO Bus: probed
[    1.242322] tun: Universal TUN/TAP device driver, 1.6
[    1.243221] tun: (C) 1999-2004 Max Krasnyansky <maxk@qualcomm.com>
[    1.244407] PPP generic driver version 2.4.2
[    1.245537] ehci_hcd: USB 2.0 'Enhanced' Host Controller (EHCI) Driver
[    1.246928] ehci-pci: EHCI PCI platform driver
[    1.247735] ehci-platform: EHCI generic platform driver
[    1.248547] ohci_hcd: USB 1.1 'Open' Host Controller (OHCI) Driver
[    1.249459] ohci-pci: OHCI PCI platform driver
[    1.250178] ohci-platform: OHCI generic platform driver
[    1.251036] uhci_hcd: USB Universal Host Controller Interface driver
[    1.252022] i8042: PNP: PS/2 Controller [PNP0303:PS2K,PNP0f03:PS2M] at 0x60,0x64 irq 1,12
[    1.253716] serio: i8042 KBD port at 0x60,0x64 irq 1
[    1.254523] serio: i8042 AUX port at 0x60,0x64 irq 12
[    1.255645] mousedev: PS/2 mouse device common for all mice
[    1.256923] input: AT Translated Set 2 keyboard as /devices/platform/i8042/serio0/input/input2
[    1.258817] rtc_cmos rtc_cmos: rtc core: registered rtc_cmos as rtc0
[    1.259809] rtc_cmos rtc_cmos: alarms up to one day, 114 bytes nvram
[    1.260754] i2c /dev entries driver
[    1.261407] device-mapper: uevent: version 1.0.3
[    1.262287] device-mapper: ioctl: 4.34.0-ioctl (2015-10-28) initialised: dm-devel@redhat.com
[    1.263648] ledtrig-cpu: registered to indicate activity on CPUs
[    1.265479] NET: Registered protocol family 10
[    1.266367] NET: Registered protocol family 17
[    1.267084] Key type dns_resolver registered
[    1.268581] registered taskstats version 1
[    1.269276] Loading compiled-in X.509 certificates
[    1.270573] Loaded X.509 cert 'Build time autogenerated kernel key: 5103689f9da3e841c6100f8bb032b132cf76e38d'
[    1.272208] zswap: loaded using pool lzo/zbud
[    1.274824] Key type trusted registered
[    1.279014] Key type encrypted registered
[    1.279818] AppArmor: AppArmor sha1 policy hashing enabled
[    1.280773] ima: No TPM chip found, activating TPM-bypass!
[    1.281748] ima: Allocated hash algorithm: sha1
[    1.282869] evm: HMAC attrs: 0x1
[    1.283822]   Magic number: 11:169:377
[    1.284487] acpi PNP0700:00: hash matches
[    1.285199] rtc_cmos rtc_cmos: setting system clock to 2019-11-02 11:21:03 UTC (1572693663)
[    1.286641] BIOS EDD facility v0.16 2004-Jun-25, 0 devices found
[    1.287546] EDD information not available.
[    1.395713] Freeing unused kernel memory: 1484K
[    1.396761] Write protecting the kernel read-only data: 14336k
[    1.398539] Freeing unused kernel memory: 1620K
[    1.399594] Freeing unused kernel memory: 68K
Loading, please wait...
starting version 229
[    1.412599] random: systemd-udevd: uninitialized urandom read (16 bytes read, 3 bits of entropy available)
[    1.413530] random: udevadm: uninitialized urandom read (16 bytes read, 3 bits of entropy available)
[    1.413560] random: udevadm: uninitialized urandom read (16 bytes read, 3 bits of entropy available)
[    1.419214] random: systemd-udevd: uninitialized urandom read (16 bytes read, 3 bits of entropy available)
[    1.420994] random: udevadm: uninitialized urandom read (16 bytes read, 3 bits of entropy available)
[    1.421030] random: udevadm: uninitialized urandom read (16 bytes read, 3 bits of entropy available)
[    1.421159] random: udevadm: uninitialized urandom read (16 bytes read, 3 bits of entropy available)
[    1.421198] random: udevadm: uninitialized urandom read (16 bytes read, 3 bits of entropy available)
[    1.421235] random: udevadm: uninitialized urandom read (16 bytes read, 3 bits of entropy available)
[    1.421273] random: udevadm: uninitialized urandom read (16 bytes read, 3 bits of entropy available)
[    1.454745] e1000: Intel(R) PRO/1000 Network Driver - version 7.3.21-k8-NAPI
[    1.455952] e1000: Copyright (c) 1999-2006 Intel Corporation.
[    1.457151] Fusion MPT base driver 3.04.20
[    1.458045] Copyright (c) 1999-2008 LSI Corporation
[    1.462443] Fusion MPT SPI Host driver 3.04.20
[    1.473932] AVX2 version of gcm_enc/dec engaged.
[    1.474782] AES CTR mode by8 optimization enabled
[    1.663073] input: ImExPS/2 Generic Explorer Mouse as /devices/platform/i8042/serio1/input/input4
[    1.802962] e1000 0000:00:03.0 eth0: (PCI:33MHz:32-bit) 02:8e:6e:90:cc:0b
[    1.804187] e1000 0000:00:03.0 eth0: Intel(R) PRO/1000 Network Connection
[    1.805871] mptbase: ioc0: Initiating bringup
[    1.806357] e1000 0000:00:03.0 enp0s3: renamed from eth0
[    1.870814] ioc0: LSI53C1030 A0: Capabilities={Initiator}
[    2.031829] scsi host2: ioc0: LSI53C1030 A0, FwRev=00000000h, Ports=1, MaxQ=256, IRQ=20
[    2.154496] scsi 2:0:0:0: Direct-Access     VBOX     HARDDISK         1.0  PQ: 0 ANSI: 5
[    2.156090] scsi target2:0:0: Beginning Domain Validation
[    2.158334] scsi target2:0:0: Domain Validation skipping write tests
[    2.159370] scsi target2:0:0: Ending Domain Validation
[    2.160514] scsi target2:0:0: asynchronous
[    2.161913] scsi 2:0:1:0: Direct-Access     VBOX     HARDDISK         1.0  PQ: 0 ANSI: 5
[    2.163622] scsi target2:0:1: Beginning Domain Validation
[    2.166376] scsi target2:0:1: Domain Validation skipping write tests
[    2.167498] scsi target2:0:1: Ending Domain Validation
[    2.168485] scsi target2:0:1: asynchronous
[    2.175263] sd 2:0:0:0: [sda] 41943040 512-byte logical blocks: (21.5 GB/20.0 GiB)
[    2.175344] sd 2:0:0:0: Attached scsi generic sg0 type 0
[    2.175673] sd 2:0:1:0: Attached scsi generic sg1 type 0
[    2.175840] sd 2:0:1:0: [sdb] 20480 512-byte logical blocks: (10.5 MB/10.0 MiB)
[    2.175949] sd 2:0:1:0: [sdb] Write Protect is off
[    2.176021] sd 2:0:1:0: [sdb] Incomplete mode parameter data
[    2.176022] sd 2:0:1:0: [sdb] Assuming drive cache: write through
[    2.181118] sd 2:0:1:0: [sdb] Attached SCSI disk
[    2.184398] sd 2:0:0:0: [sda] Write Protect is off
[    2.185376] sd 2:0:0:0: [sda] Incomplete mode parameter data
[    2.186239] sd 2:0:0:0: [sda] Assuming drive cache: write through
[    2.189190]  sda: sda1
[    2.190911] sd 2:0:0:0: [sda] Attached SCSI disk
Begin: Loading essential drivers ... [    3.475158] md: linear personality registered for level -1
[    3.477842] md: multipath personality registered for level -4
[    3.480406] md: raid0 personality registered for level 0
[    3.483703] md: raid1 personality registered for level 1
[    3.554582] raid6: sse2x1   gen() 12269 MB/s
[    3.621944] raid6: sse2x1   xor()  8768 MB/s
[    3.690238] raid6: sse2x2   gen() 13841 MB/s
[    3.758584] raid6: sse2x2   xor() 10473 MB/s
[    3.825928] raid6: sse2x4   gen() 16854 MB/s
[    3.895215] raid6: sse2x4   xor() 11571 MB/s
[    3.962545] raid6: avx2x1   gen() 24677 MB/s
[    4.030890] raid6: avx2x2   gen() 27733 MB/s
[    4.098206] raid6: avx2x4   gen() 30589 MB/s
[    4.098997] raid6: using algorithm avx2x4 gen() 30589 MB/s
[    4.100046] raid6: using avx2x2 recovery algorithm
[    4.102398] xor: automatically using best checksumming function:
[    4.142078]    avx       : 29071.000 MB/sec
[    4.143763] async_tx: api initialized (async)
[    4.152432] md: raid6 personality registered for level 6
[    4.153897] md: raid5 personality registered for level 5
[    4.154760] md: raid4 personality registered for level 4
[    4.160911] md: raid10 personality registered for level 10
done.
Begin: Running /scripts/init-premount ... done.
Begin: Mounting root file system ... Begin: Running /scripts/local-top ... done.
Begin: Running /scripts/local-premount ... [    4.190004] Btrfs loaded
Scanning for Btrfs filesystems
done.
Warning: fsck not present, so skipping root file system
[    4.214135] EXT4-fs (sda1): mounted filesystem with ordered data mode. Opts: (null)
done.
Begin: Running /scripts/local-bottom ... done.
Begin: Running /scripts/init-bottom ... done.
[    4.294677] systemd[1]: systemd 229 running in system mode. (+PAM +AUDIT +SELINUX +IMA +APPARMOR +SMACK +SYSVINIT +UTMP +LIBCRYPTSETUP +GCRYPT +GNUTLS +ACL +XZ -LZ4 +SECCOMP +BLKID +ELFUTILS +KMOD -IDN)
[    4.297302] systemd[1]: Detected virtualization oracle.
[    4.298112] systemd[1]: Detected architecture x86-64.

Welcome to [1mUbuntu 16.04.6 LTS[0m!

[    4.307335] systemd[1]: Set hostname to <ubuntu>.
[    4.310977] systemd[1]: Initializing machine ID from random generator.
[    4.312300] systemd[1]: Installed transient /etc/machine-id file.
[    4.419282] systemd[1]: Listening on LVM2 metadata daemon socket.
[[0;32m  OK  [0m] Listening on LVM2 metadata daemon socket.
[    4.426935] systemd[1]: Listening on Device-mapper event daemon FIFOs.
[[0;32m  OK  [0m] Listening on Device-mapper event daemon FIFOs.
[    4.428995] systemd[1]: Created slice User and Session Slice.
[[0;32m  OK  [0m] Created slice User and Session Slice.
[    4.430687] systemd[1]: Reached target Encrypted Volumes.
[[0;32m  OK  [0m] Reached target Encrypted Volumes.
[    4.432281] systemd[1]: Listening on LVM2 poll daemon socket.
[[0;32m  OK  [0m] Listening on LVM2 poll daemon socket.
[    4.433965] systemd[1]: Listening on Syslog Socket.
[[0;32m  OK  [0m] Listening on Syslog Socket.
[    4.435494] systemd[1]: Reached target Swap.
[[0;32m  OK  [0m] Reached target Swap.
[    4.443172] systemd[1]: Started Forward Password Requests to Wall Directory Watch.
[[0;32m  OK  [0m] Started Forward Password Requests to Wall Directory Watch.
[    4.450747] systemd[1]: Started Trigger resolvconf update for networkd DNS.
[[0;32m  OK  [0m] Started Trigger resolvconf update for networkd DNS.
[    4.452697] systemd[1]: Reached target System Time Synchronized.
[[0;32m  OK  [0m] Reached target System Time Synchronized.
[    4.454472] systemd[1]: Listening on udev Kernel Socket.
[[0;32m  OK  [0m] Listening on udev Kernel Socket.
[    4.456224] systemd[1]: Created slice System Slice.
[[0;32m  OK  [0m] Created slice System Slice.
[    4.457711] systemd[1]: Reached target Slices.
[[0;32m  OK  [0m] Reached target Slices.
[    4.459322] systemd[1]: Created slice system-serial\x2dgetty.slice.
[[0;32m  OK  [0m] Created slice system-serial\x2dgetty.slice.
[    4.461152] systemd[1]: Set up automount Arbitrary Executable File Formats File System Automount Point.
[[0;32m  OK  [0m] Set up automount Arbitrary Executab...ats File System Automount Point.
[    4.463637] systemd[1]: Reached target User and Group Name Lookups.
[[0;32m  OK  [0m] Reached target User and Group Name Lookups.
[    4.465377] systemd[1]: Listening on Journal Socket (/dev/log).
[[0;32m  OK  [0m] Listening on Journal Socket (/dev/log).
[    4.467070] systemd[1]: Listening on /dev/initctl Compatibility Named Pipe.
[[0;32m  OK  [0m] Listening on /dev/initctl Compatibility Named Pipe.
[    4.468947] systemd[1]: Listening on Journal Socket.
[[0;32m  OK  [0m] Listening on Journal Socket.
[    4.482759] systemd[1]: Starting Create list of required static device nodes for the current kernel...
         Starting Create list of required st... nodes for the current kernel...
[    4.487781] systemd[1]: Starting Load Kernel Modules...
         Starting Load Kernel Modules...
[    4.494796] Loading iSCSI transport class v2.0-870.
[    4.495296] systemd[1]: Mounting Debug File System...
         Mounting Debug File System...
[    4.498661] systemd[1]: Mounting POSIX Message Queue File System...
         Mounting POSIX Message Queue File System...
[    4.501967] systemd[1]: Starting Monitoring of LVM2 mirrors, snapshots etc. using dmeventd or progress polling...
[    4.503975] iscsi: registered transport (tcp)
         Starting Monitoring of LVM2 mirrors... dmeventd or progress polling...
[    4.505975] systemd[1]: Starting Remount Root and Kernel File Systems...
         Starting Remount Root and Kernel File Systems...
[    4.510506] systemd[1]: Mounting Huge Pages File System...
         Mounting Huge Pages File System...
[    4.512930] systemd[1]: Starting Set console keymap...
         Starting Set console keymap...
[    4.516575] systemd[1]: Starting Nameserver information manager...
         Starting Nameserver information manager...[    4.519959] EXT4-fs (sda1): re-mounted. Opts: (null)

[    4.521610] systemd[1]: Starting Uncomplicated firewall...
         Starting Uncomplicated firewall...
[    4.528588] systemd[1]: Listening on Journal Audit Socket.
[[0;32m  OK  [0m] Listening on Journal Audit Socket.
[    4.532050] systemd[1]: Starting Journal Service...
         Starting Journal Service...
[    4.533722] systemd[1]: Listening on udev Control Socket.
[[0;32m  OK  [0m] Listening on udev Control Socket.
[    4.543263] systemd[1]: Mounted Debug File System.
[[0;32m  OK  [0m] Mounted Debug File System.
[    4.550391] systemd[1]: Mounted Huge Pages File System.
[[0;32m  OK  [0m] Mounted Huge Pages File System.
[    4.553309] iscsi: registered transport (iser)
[    4.558483] systemd[1]: Mounted POSIX Message Queue File System.
[[0;32m  OK  [0m] Mounted POSIX Message Queue File System.
[    4.560129] systemd[1]: Started Journal Service.
[[0;32m  OK  [0m] Started Journal Service.
[[0;32m  OK  [0m] Started Create list of required sta...ce nodes for the current kernel.
[[0;32m  OK  [0m] Started Load Kernel Modules.
[[0;32m  OK  [0m] Started Remount Root and Kernel File Systems.
[[0;32m  OK  [0m] Started Set console keymap.
[[0;32m  OK  [0m] Started Uncomplicated firewall.
[[0;32m  OK  [0m] Started Nameserver information manager.
[[0;32m  OK  [0m] Started LVM2 metadata daemon.
         Starting Load/Save Random Seed...
         Starting udev Coldplug all Devices...
         Mounting FUSE Control File System...
         Starting Apply Kernel Variables...
         Starting Create Static Device Nodes in /dev...
         Starting Flush Journal to Persistent Storage...
[[0;32m  OK  [0m] Mounted FUSE Control File System.
[[0;32m  OK  [0m] Started Load/Save Random Seed.
[[0;32m  OK  [0m] Started Apply Kernel Variables.
[[0;32m  OK  [0m] Started Create Static Device Nodes in /dev.
[[0;32m  OK  [0m] Started Flush Journal to Persistent Storage.
         Starting udev Kernel Device Manager...
[[0;32m  OK  [0m] Started udev Coldplug all Devices.
[[0;32m  OK  [0m] Started Monitoring of LVM2 mirrors,...ng dmeventd or progress polling.
[[0;32m  OK  [0m] Reached target Local File Systems (Pre).
[[0;32m  OK  [0m] Reached target Local File Systems.
         Starting LSB: AppArmor initialization...
         Starting Tell Plymouth To Write Out Runtime Data...
         Starting Create Volatile Files and Directories...
         Starting Commit a transient machine-id on disk...
         Starting Initial cloud-init job (pre-networking)...
         Starting Set console font and keymap...
[[0;32m  OK  [0m] Started udev Kernel Device Manager.
[[0;32m  OK  [0m] Started Tell Plymouth To Write Out Runtime Data.
[[0;32m  OK  [0m] Started Create Volatile Files and Directories.
         Starting Update UTMP about System Boot/Shutdown...
[[0;32m  OK  [0m] Started Dispatch Password Requests to Console Directory Watch.
[[0;32m  OK  [0m] Started Commit a transient machine-id on disk.
[[0;32m  OK  [0m] Started Update UTMP about System Boot/Shutdown.
[[0;32m  OK  [0m] Found device /dev/ttyS0.
[[0;32m  OK  [0m] Listening on Load/Save RF Kill Switch Status /dev/rfkill Watch.
[[0;32m  OK  [0m] Started LSB: AppArmor initialization.
[    5.533027] cloud-init[488]: Cloud-init v. 18.5-45-g3554ffe8-0ubuntu1~16.04.1 running 'init-local' at Sat, 02 Nov 2019 11:21:07 +0000. Up 5.17 seconds.
[[0;32m  OK  [0m] Started Initial cloud-init job (pre-networking).
[[0;32m  OK  [0m] Reached target Network (Pre).
         Starting Raise network interfaces...
[[0;32m  OK  [0m] Started Set console font and keymap.
[[0;32m  OK  [0m] Created slice system-getty.slice.
[[0;32m  OK  [0m] Started Raise network interfaces.
[[0;32m  OK  [0m] Reached target Network.
         Starting Initial cloud-init job (metadata service crawler)...
[    6.547900] cloud-init[942]: Cloud-init v. 18.5-45-g3554ffe8-0ubuntu1~16.04.1 running 'init' at Sat, 02 Nov 2019 11:21:08 +0000. Up 6.16 seconds.
[    6.549187] cloud-init[942]: ci-info: ++++++++++++++++++++++++++++++++++++++Net device info++++++++++++++++++++++++++++++++++++++
[    6.550228] cloud-init[942]: ci-info: +--------+------+----------------------------+---------------+--------+-------------------+
[    6.551349] cloud-init[942]: ci-info: | Device |  Up  |          Address           |      Mask     | Scope  |     Hw-Address    |
[    6.552395] cloud-init[942]: ci-info: +--------+------+----------------------------+---------------+--------+-------------------+
[    6.560454] cloud-init[942]: ci-info: | enp0s3 | True |         10.0.2.15          | 255.255.255.0 | global | 02:8e:6e:90:cc:0b |
[    6.568321] cloud-init[942]: ci-info: | enp0s3 | True | fe80::8e:6eff:fe90:cc0b/64 |       .       |  link  | 02:8e:6e:90:cc:0b |
[    6.569769] cloud-init[942]: ci-info: |   lo   | True |         127.0.0.1          |   255.0.0.0   |  host  |         .         |
[    6.571284] cloud-init[942]: ci-info: |   lo   | True |          ::1/128           |       .       |  host  |         .         |
[    6.572834] cloud-init[942]: ci-info: +--------+------+----------------------------+---------------+--------+-------------------+
[    6.574414] cloud-init[942]: ci-info: +++++++++++++++++++++++++++Route IPv4 info++++++++++++++++++++++++++++
[    6.575829] cloud-init[942]: ci-info: +-------+-------------+----------+---------------+-----------+-------+
[    6.577189] cloud-init[942]: ci-info: | Route | Destination | Gateway  |    Genmask    | Interface | Flags |
[    6.578760] cloud-init[942]: ci-info: +-------+-------------+----------+---------------+-----------+-------+
[    6.580488] cloud-init[942]: ci-info: |   0   |   0.0.0.0   | 10.0.2.2 |    0.0.0.0    |   enp0s3  |   UG  |
[    6.581790] cloud-init[942]: ci-info: |   1   |   10.0.2.0  | 0.0.0.0  | 255.255.255.0 |   enp0s3  |   U   |
[    6.583070] cloud-init[942]: ci-info: +-------+-------------+----------+---------------+-----------+-------+
[    6.584360] cloud-init[942]: ci-info: +++++++++++++++++++Route IPv6 info+++++++++++++++++++
[    6.585474] cloud-init[942]: ci-info: +-------+-------------+---------+-----------+-------+
[    6.586599] cloud-init[942]: ci-info: | Route | Destination | Gateway | Interface | Flags |
[    6.587708] cloud-init[942]: ci-info: +-------+-------------+---------+-----------+-------+
[    6.588832] cloud-init[942]: ci-info: |   0   |  fe80::/64  |    ::   |   enp0s3  |   U   |
[    6.589955] cloud-init[942]: ci-info: |   3   |   ff00::/8  |    ::   |   enp0s3  |   U   |
[    6.596661] cloud-init[942]: ci-info: +-------+-------------+---------+-----------+-------+
[    6.604367] cloud-init[942]: Generating public/private rsa key pair.
[[0;32m  OK  [0m] Started Initial cloud-init job (metadata service crawler).
[[0;32m  OK  [0m] Reached target Network is Online.
[    6.605842] cloud-init[942]: Your identification has been saved in /etc/ssh/ssh_host_rsa_key.
[    6.609122] cloud-init[942]: Your public key has been saved in /etc/ssh/ssh_host_rsa_key.pub.
[    6.610244] cloud-init[942]: The key fingerprint is:
[    6.611018] cloud-init[942]: SHA256:xUoyiGnQRGURFuVhnws2nm2NfRREeywXtvL24ECOL9g root@ubuntu-xenial
[    6.612226] cloud-init[942]: The key's randomart image is:
[    6.628337]          cloud-initStarting iSCSI initiator daemon (iscsid)...[942]: 
+---[RSA 2048]----+
[    6.636693] [cloud-init[0;32m  OK  [0m[942]: ] |.+o.B=+    o+ o  |Reached target System Initialization.

[[0;32m  OK  [0m] Started Daily apt download activities.
[    6.637055] cloud-init[942]: | ..= + o o   = o |
[    6.644380] [cloud-init[0;32m  OK  [0m[942]: ] |  + . B + o * =  |Started Daily apt upgrade and clean activities.

         Starting Socket activation for snappy daemon.
[    6.645354] cloud-init[942]: | .   o O B = *   |
[    6.653318] [cloud-init[0;32m  OK  [0m[942]: ] |      o S + + +  |Started ACPI Events Check.

[    6.661014] [cloud-init[0;32m  OK  [0m[942]: ] |       . o o + o |Reached target Paths.

[    6.661723] [cloud-init[0;32m  OK  [0m[942]: ] |        . E . . .|Listening on ACPID Listen Socket.

[[0;32m  OK  [0m] Started Daily Cleanup of Temporary Directories.
[    6.662263] [cloud-init[0;32m  OK  [0m[942]: ] |           .     |Reached target Timers.

[    6.668867] [cloud-init[0;32m  OK  [0m[942]: ] |                 |Listening on UUID daemon activation socket.

[[0;32m  OK  [0m] Listening on D-Bus System Message Bus Socket.
[    6.669706] cloud-init[942]: +----[SHA256]-----+
[    6.684386]          Starting LXD - unix socket.
[[0;32m  OK  [0m] Reached target Cloud-config availability.
cloud-init[942]: Generating public/private dsa key pair.
[    6.686434] cloud-init[942]: Your identification has been saved in /etc/ssh/ssh_host_dsa_key.
[    6.687695] cloud-init[942]: Your public key has been saved in /etc/ssh/ssh_host_dsa_key.pub.
[    6.688917] cloud-init[942]: The key fingerprint is:
[    6.689814] cloud-init[942]: SHA256:bDQlmhPBca65BdIh8SwGdKnXZgxxFwHDiTxkul5pbzA root@ubuntu-xenial
[    6.690940] cloud-init[942]: The key's randomart image is:
[    6.691980] cloud-init[942]: +---[DSA 1024]----+
[    6.692982] cloud-init[942]: | .ooBBO=*o.      |
[    6.693921] cloud-init[942]: |   =**+X o       |
[    6.694968] cloud-init[942]: |  ..+=O +        |
[    6.696035] cloud-init[942]: |  .o.+=B .       |
[    6.697055] cloud-init[942]: |  ..Eoo S        |
[    6.698002] cloud-init[942]: | . o + +         |
[    6.698921] cloud-init[942]: |  .   +          |
[    6.704250] cloud-init[942]: |     .           |
[    6.705035] cloud-init[942]: |                 |
[[0;32m  OK  [0m] Listening on Socket activation for snappy daemon.
[[0;32m  OK  [0m] Listening on LXD - unix socket.
[[0;32m  OK  [0m] Started iSCSI initiator daemon (iscsid).
[    6.719745] cloud-init[942]: +----[SHA256]-----+
[    6.735144] cloud-init[942]: Generating public/private ecdsa key pair.
[    6.736258] cloud-init[942]: Your identification has been saved in /etc/ssh/ssh_host_ecdsa_key.
[    6.737683] cloud-init[942]: Your public key has been saved in /etc/ssh/ssh_host_ecdsa_key.pub.
[    6.738934] cloud-init[942]: The key fingerprint is:
[    6.739851] cloud-init[942]: SHA256:l1E5N7tpvf/873biovCyUWMDG2eR0lODTnzV1Sw3l4g root@ubuntu-xenial
[    6.741146] cloud-init[942]: The key's randomart image is:
[    6.742093] cloud-init[942]: +---[ECDSA 256]---+
[    6.742943] cloud-init[942]: |         o.+=ooo=|
[    6.743784] cloud-init[942]: |        . BE+o+o*|
[    6.752500]          Starting Login to default iSCSI targets...
cloud-init[[942]: [0;32m  OK  [0m|        o++o o =o|] 
Reached target Sockets.
[    6.756638] [[0;32m  OK  [0m] Reached target Basic System.
cloud-init[942]: |         *.o  .  |
[    6.758625] cloud-init[942]:          Starting LSB: MD monitoring daemon...
[[0;32m  OK  [0m] Started Unattended Upgrades Shutdown.
|        S B    + |[[0;32m  OK  [0m] Started D-Bus System Message Bus.

[    6.768517] cloud-init[942]: |         + o  + .|
[    6.769736] cloud-init[942]: |        o    .  .|
[    6.771061] cloud-init[942]: |        .+  . .oo|
[    6.772471] cloud-init[942]: |        .oo. o.+&|
[    6.773944] cloud-init[942]: +----[SHA256]-----+
[    6.775019] cloud-init[942]: Generating public/private ed25519 key pair.
[    6.776249] cloud-init[942]: Your identification has been saved in /etc/ssh/ssh_host_ed25519_key.
[    6.777774] cloud-init[942]: Your public key has been saved in /etc/ssh/ssh_host_ed25519_key.pub.
[    6.779759] cloud-init[942]: The key fingerprint is:         Starting System Logging Service...

[    6.780986] [[0;32m  OK  [0m] Started Deferred execution scheduler.
cloud-init[942]:          SHA256:YMyS/oDj2cnllW3DiKgh2YuVBVVJS9dmlwvEJIUxf2M root@ubuntu-xenialStarting LSB: Record successful boot for GRUB...

[    6.783936] [[0;32m  OK  [0m] Started FUSE filesystem for LXC.
         Starting Accounts Service...
         Starting Login Service...
         Starting Virtualbox guest utils...
[[0;32m  OK  [0m] Started ACPI event daemon.
         Starting Pollinate to seed the pseudo random number generator...
         Starting /etc/rc.local Compatibility...
         Starting LXD - container startup/shutdown...
[[0;32m  OK  [0m] Started Regular background program processing daemon.
         Starting Snappy daemon...
[[0;32m  OK  [0m] Started /etc/rc.local Compatibility.
cloud-init[942]: The key's randomart image is:
[    6.807058] cloud-init[942]: +--[ED25519 256]--+
[    6.809151] cloud-init[942]: |  ...o+.=O+  .   |
[    6.811177] cloud-init[942]: |   . =.o.+* o    |
[    6.813075] cloud-init[942]: |    + *  o.oE.   |
[    6.814853] cloud-init[942]: | o = + o = o..   |
[    6.819712] cloud-init[942]: |o B + o S =      |
[    6.821104] cloud-init[942]: | = O * . . .     |
[    6.841569] cloud-init[942]: [[0;32m  OK  [0m] Started System Logging Service.
|. = + o          |
[    6.867963] cloud-init[942]: |                 |
[    6.870818] cloud-init[942]: |                 |[[0;32m  OK  [0m] Started Login Service.

[    6.884882] cloud-init[942]: +----[SHA256]-----+
         Starting Authenticate and Authorize Users to Run Privileged Tasks...
[[0;32m  OK  [0m] Started LSB: Record successful boot for GRUB.
[[0;32m  OK  [0m] Started Login to default iSCSI targets.
[[0;32m  OK  [0m] Reached target Remote File Systems (Pre).
[[0;32m  OK  [0m] Reached target Remote File Systems.
         Starting LSB: daemon to balance interrupts for SMP systems...
         Starting LSB: automatic crash report generation...
         Starting LSB: Set the CPU Frequency Scaling governor to "ondemand"...
         Starting Permit User Sessions...
[[0;32m  OK  [0m] Started LSB: MD monitoring daemon.
[[0;32m  OK  [0m] Started Permit User Sessions.
[[0;32m  OK  [0m] Started LXD - container startup/shutdown.
[[0;32m  OK  [0m] Started Authenticate and Authorize Users to Run Privileged Tasks.
         Starting Hold until boot process finishes up...
         Starting Terminate Plymouth Boot Screen...
[[0;32m  OK  [0m] Started LSB: automatic crash report generation.
[[0;32m  OK  [0m] Started LSB: Set the CPU Frequency Scaling governor to "ondemand".
[[0;32m  OK  [0m] Started Hold until boot process finishes up.
[[0;32m  OK  [0m] Started Terminate Plymouth Boot Screen.
[[0;32m  OK  [0m] Started Virtualbox guest utils.
[[0;32m  OK  [0m] Started Accounts Service.
         Starting Set console scheme...
[[0;32m  OK  [0m] Started Serial Getty on ttyS0.
[[0;32m  OK  [0m] Started Getty on tty1.
[[0;32m  OK  [0m] Reached target Login Prompts.
[[0;32m  OK  [0m] Started LSB: daemon to balance interrupts for SMP systems.
[[0;32m  OK  [0m] Started Set console scheme.
[[0;32m  OK  [0m] Started Snappy daemon.
         Starting Wait until snapd is fully seeded...
[[0;32m  OK  [0m] Started Pollinate to seed the pseudo random number generator.
         Starting OpenBSD Secure Shell server...
[[0;32m  OK  [0m] Started OpenBSD Secure Shell server.
[[0;32m  OK  [0m] Started Wait until snapd is fully seeded.
[[0;32m  OK  [0m] Reached target Multi-User System.
[[0;32m  OK  [0m] Reached target Graphical Interface.
         Starting Update UTMP about System Runlevel Changes...
         Starting Apply the settings specified in cloud-config...
[[0;32m  OK  [0m] Started Update UTMP about System Runlevel Changes.
[   10.203887] cloud-init[1283]: Generating locales (this might take a while)...
[   11.322812] cloud-init[1283]:   en_US.UTF-8... done
[   11.332325] cloud-init[1283]: Generation complete.
[   11.557328] cloud-init[1283]: Cloud-init v. 18.5-45-g3554ffe8-0ubuntu1~16.04.1 running 'modules:config' at Sat, 02 Nov 2019 11:21:12 +0000. Up 10.11 seconds.
[[0;32m  OK  [0m] Started Apply the settings specified in cloud-config.
         Starting Execute cloud user/final scripts...
ci-info: no authorized ssh keys fingerprints found for user ubuntu.
<14>Nov  2 11:21:14 ec2: 
<14>Nov  2 11:21:14 ec2: #############################################################
<14>Nov  2 11:21:14 ec2: -----BEGIN SSH HOST KEY FINGERPRINTS-----
<14>Nov  2 11:21:14 ec2: 1024 SHA256:bDQlmhPBca65BdIh8SwGdKnXZgxxFwHDiTxkul5pbzA root@ubuntu-xenial (DSA)
<14>Nov  2 11:21:14 ec2: 256 SHA256:l1E5N7tpvf/873biovCyUWMDG2eR0lODTnzV1Sw3l4g root@ubuntu-xenial (ECDSA)
<14>Nov  2 11:21:14 ec2: 256 SHA256:YMyS/oDj2cnllW3DiKgh2YuVBVVJS9dmlwvEJIUxf2M root@ubuntu-xenial (ED25519)
<14>Nov  2 11:21:14 ec2: 2048 SHA256:xUoyiGnQRGURFuVhnws2nm2NfRREeywXtvL24ECOL9g root@ubuntu-xenial (RSA)
<14>Nov  2 11:21:14 ec2: -----END SSH HOST KEY FINGERPRINTS-----
<14>Nov  2 11:21:14 ec2: #############################################################
-----BEGIN SSH HOST KEY KEYS-----
ecdsa-sha2-nistp256 AAAAE2VjZHNhLXNoYTItbmlzdHAyNTYAAAAIbmlzdHAyNTYAAABBBKE4VzTRgU+bSEdYf0DObUwbEBC928rOKaxLY5CO3IKj+xBdcF5gVITZeH4jKxbjUC77ubs0sNLDOa9XDzOAKCI= root@ubuntu-xenial
ssh-ed25519 AAAAC3NzaC1lZDI1NTE5AAAAICGBid9t4vQLRDszsHii4i8Wr4x2xbDtdFkOemPOBFt4 root@ubuntu-xenial
ssh-rsa AAAAB3NzaC1yc2EAAAADAQABAAABAQDdICioqmgfxAP9WXc9rXardPAhycGQcmwEcKKGetAigz4bZJVhhM2kaXqDvzmDVR+LgM/vB/L4JX1ZL88nhnz7ysOYIFGfso4382UnqYyzbz+cmbRHwF0ZbFNOhECyjmMCL4QxiRBeF5e34gVa8HFlQQxzXk5WpBdMcqP2m6X7OwsJwTPajk3jP8clGxdclwO0la0aVqwh6QILOUlIisoUtqEdRHwbJjEmZUwHzF2jWZ4cQEEchasDOgbPdSzR0WOpBj2oA2colhnKQC26L4OEGQ890GTpoH49bVPlftNpGRjGQKEcN3XrEnAOYeDqSBz24vIgbklihLFevM4yHd6D root@ubuntu-xenial
-----END SSH HOST KEY KEYS-----
[   11.939172] cloud-init[1324]: Cloud-init v. 18.5-45-g3554ffe8-0ubuntu1~16.04.1 running 'modules:final' at Sat, 02 Nov 2019 11:21:14 +0000. Up 11.83 seconds.
[   11.940522] cloud-init[1324]: ci-info: no authorized ssh keys fingerprints found for user ubuntu.
[   11.948648] cloud-init[1324]: Cloud-init v. 18.5-45-g3554ffe8-0ubuntu1~16.04.1 finished at Sat, 02 Nov 2019 11:21:14 +0000. Datasource DataSourceNoCloud [seed=/dev/sdb][dsmode=net].  Up 11.93 seconds
[[0;32m  OK  [0m] Started Execute cloud user/final scripts.
[[0;32m  OK  [0m] Reached target Cloud-init target.

Ubuntu 16.04.6 LTS ubuntu-xenial ttyS0

ubuntu-xenial login: 